<?xml version="1.0" encoding="UTF-8"?>
<coverage generated="1614809550580" clover="3.2.0">
  <project timestamp="1614809550580" name="All files">
    <metrics statements="29" coveredstatements="28" conditionals="12" coveredconditionals="10" methods="13" coveredmethods="12" elements="54" coveredelements="50" complexity="0" loc="29" ncloc="29" packages="2" files="3" classes="3"/>
    <package name="Home">
      <metrics statements="4" coveredstatements="4" conditionals="0" coveredconditionals="0" methods="2" coveredmethods="2"/>
      <file name="Home.jsx" path="C:\Users\RAKBANK\Desktop\workTemp\NawazNews\src\UI Components\Home\Home.jsx">
        <metrics statements="4" coveredstatements="4" conditionals="0" coveredconditionals="0" methods="2" coveredmethods="2"/>
        <line num="5" count="1" type="stmt"/>
        <line num="6" count="1" type="stmt"/>
        <line num="7" count="1" type="stmt"/>
        <line num="9" count="1" type="stmt"/>
      </file>
    </package>
    <package name="TopStories">
      <metrics statements="25" coveredstatements="24" conditionals="12" coveredconditionals="10" methods="11" coveredmethods="10"/>
      <file name="ErroBoundry.jsx" path="C:\Users\RAKBANK\Desktop\workTemp\NawazNews\src\UI Components\TopStories\ErroBoundry.jsx">
        <metrics statements="6" coveredstatements="6" conditionals="2" coveredconditionals="2" methods="4" coveredmethods="4"/>
        <line num="5" count="58" type="stmt"/>
        <line num="6" count="58" type="stmt"/>
        <line num="9" count="8" type="stmt"/>
        <line num="15" count="81" type="cond" truecount="2" falsecount="0"/>
        <line num="16" count="8" type="stmt"/>
        <line num="18" count="73" type="stmt"/>
      </file>
      <file name="index.jsx" path="C:\Users\RAKBANK\Desktop\workTemp\NawazNews\src\UI Components\TopStories\index.jsx">
        <metrics statements="19" coveredstatements="18" conditionals="10" coveredconditionals="8" methods="7" coveredmethods="6"/>
        <line num="6" count="2" type="stmt"/>
        <line num="7" count="4" type="stmt"/>
        <line num="8" count="4" type="stmt"/>
        <line num="9" count="4" type="stmt"/>
        <line num="11" count="4" type="stmt"/>
        <line num="12" count="4" type="cond" truecount="1" falsecount="1"/>
        <line num="13" count="4" type="stmt"/>
        <line num="14" count="4" type="cond" truecount="1" falsecount="1"/>
        <line num="17" count="4" type="stmt"/>
        <line num="18" count="128" type="cond" truecount="2" falsecount="0"/>
        <line num="21" count="4" type="stmt"/>
        <line num="22" count="1" type="stmt"/>
        <line num="23" count="1" type="stmt"/>
        <line num="24" count="1" type="stmt"/>
        <line num="26" count="1" type="stmt"/>
        <line num="29" count="4" type="stmt"/>
        <line num="33" count="73" type="stmt"/>
        <line num="38" count="0" type="stmt"/>
        <line num="41" count="1" type="stmt"/>
      </file>
    </package>
  </project>
</coverage>
