<?xml version="1.0" encoding="UTF-8"?>
<coverage generated="1614961629853" clover="3.2.0">
  <project timestamp="1614961629853" name="All files">
    <metrics statements="47" coveredstatements="37" conditionals="29" coveredconditionals="17" methods="18" coveredmethods="15" elements="94" coveredelements="69" complexity="0" loc="47" ncloc="47" packages="2" files="4" classes="4"/>
    <package name="EachStory">
      <metrics statements="22" coveredstatements="13" conditionals="17" coveredconditionals="7" methods="7" coveredmethods="5"/>
      <file name="EachStory.jsx" path="C:\Users\RAKBANK\Desktop\workTemp\NawazNews\src\UI Components\EachStory\EachStory.jsx">
        <metrics statements="16" coveredstatements="10" conditionals="17" coveredconditionals="7" methods="4" coveredmethods="3"/>
        <line num="6" count="3" type="stmt"/>
        <line num="7" count="3" type="stmt"/>
        <line num="8" count="1" type="cond" truecount="1" falsecount="5"/>
        <line num="10" count="0" type="stmt"/>
        <line num="12" count="1" type="stmt"/>
        <line num="14" count="0" type="stmt"/>
        <line num="17" count="0" type="stmt"/>
        <line num="19" count="0" type="stmt"/>
        <line num="23" count="3" type="stmt"/>
        <line num="24" count="1" type="stmt"/>
        <line num="25" count="1" type="stmt"/>
        <line num="26" count="0" type="cond" truecount="0" falsecount="2"/>
        <line num="27" count="0" type="stmt"/>
        <line num="30" count="1" type="stmt"/>
        <line num="31" count="1" type="stmt"/>
        <line num="34" count="1" type="stmt"/>
      </file>
      <file name="index.jsx" path="C:\Users\RAKBANK\Desktop\workTemp\NawazNews\src\UI Components\EachStory\index.jsx">
        <metrics statements="6" coveredstatements="3" conditionals="0" coveredconditionals="0" methods="3" coveredmethods="2"/>
        <line num="8" count="2" type="stmt"/>
        <line num="9" count="16" type="stmt"/>
        <line num="10" count="16" type="stmt"/>
        <line num="11" count="0" type="stmt"/>
        <line num="12" count="0" type="stmt"/>
        <line num="14" count="0" type="stmt"/>
      </file>
    </package>
    <package name="TopStories">
      <metrics statements="25" coveredstatements="24" conditionals="12" coveredconditionals="10" methods="11" coveredmethods="10"/>
      <file name="ErroBoundry.jsx" path="C:\Users\RAKBANK\Desktop\workTemp\NawazNews\src\UI Components\TopStories\ErroBoundry.jsx">
        <metrics statements="6" coveredstatements="6" conditionals="2" coveredconditionals="2" methods="4" coveredmethods="4"/>
        <line num="5" count="52" type="stmt"/>
        <line num="6" count="52" type="stmt"/>
        <line num="9" count="8" type="stmt"/>
        <line num="15" count="78" type="cond" truecount="2" falsecount="0"/>
        <line num="16" count="8" type="stmt"/>
        <line num="18" count="70" type="stmt"/>
      </file>
      <file name="index.jsx" path="C:\Users\RAKBANK\Desktop\workTemp\NawazNews\src\UI Components\TopStories\index.jsx">
        <metrics statements="19" coveredstatements="18" conditionals="10" coveredconditionals="8" methods="7" coveredmethods="6"/>
        <line num="6" count="2" type="stmt"/>
        <line num="7" count="4" type="stmt"/>
        <line num="8" count="4" type="stmt"/>
        <line num="9" count="4" type="stmt"/>
        <line num="11" count="4" type="stmt"/>
        <line num="12" count="4" type="cond" truecount="1" falsecount="1"/>
        <line num="13" count="4" type="stmt"/>
        <line num="14" count="4" type="cond" truecount="1" falsecount="1"/>
        <line num="17" count="4" type="stmt"/>
        <line num="18" count="128" type="cond" truecount="2" falsecount="0"/>
        <line num="21" count="4" type="stmt"/>
        <line num="22" count="1" type="stmt"/>
        <line num="23" count="1" type="stmt"/>
        <line num="24" count="1" type="stmt"/>
        <line num="26" count="1" type="stmt"/>
        <line num="29" count="4" type="stmt"/>
        <line num="33" count="70" type="stmt"/>
        <line num="38" count="0" type="stmt"/>
        <line num="41" count="1" type="stmt"/>
      </file>
    </package>
  </project>
</coverage>
