TN:
SF:C:\Users\RAKBANK\Desktop\workTemp\NawazNews\src\UI Components\Home\Home.jsx
FN:5,(anonymous_0)
FN:6,(anonymous_1)
FNF:2
FNH:2
FNDA:1,(anonymous_0)
FNDA:1,(anonymous_1)
DA:5,1
DA:6,1
DA:7,1
DA:9,1
LF:4
LH:4
BRF:0
BRH:0
end_of_record
TN:
SF:C:\Users\RAKBANK\Desktop\workTemp\NawazNews\src\UI Components\TopStories\ErroBoundry.jsx
FN:4,(anonymous_0)
FN:8,(anonymous_1)
FN:11,(anonymous_2)
FN:14,(anonymous_3)
FNF:4
FNH:4
FNDA:58,(anonymous_0)
FNDA:8,(anonymous_1)
FNDA:8,(anonymous_2)
FNDA:81,(anonymous_3)
DA:5,58
DA:6,58
DA:9,8
DA:15,81
DA:16,8
DA:18,73
LF:6
LH:6
BRDA:15,0,0,8
BRDA:15,0,1,73
BRF:2
BRH:2
end_of_record
TN:
SF:C:\Users\RAKBANK\Desktop\workTemp\NawazNews\src\UI Components\TopStories\index.jsx
FN:6,(anonymous_0)
FN:9,(anonymous_1)
FN:17,(anonymous_2)
FN:21,(anonymous_3)
FN:32,(anonymous_4)
FN:38,(anonymous_5)
FN:41,(anonymous_6)
FNF:7
FNH:6
FNDA:4,(anonymous_0)
FNDA:4,(anonymous_1)
FNDA:128,(anonymous_2)
FNDA:1,(anonymous_3)
FNDA:73,(anonymous_4)
FNDA:0,(anonymous_5)
FNDA:1,(anonymous_6)
DA:6,2
DA:7,4
DA:8,4
DA:9,4
DA:11,4
DA:12,4
DA:13,4
DA:14,4
DA:17,4
DA:18,128
DA:21,4
DA:22,1
DA:23,1
DA:24,1
DA:26,1
DA:29,4
DA:33,73
DA:38,0
DA:41,1
LF:19
LH:18
BRDA:12,0,0,4
BRDA:12,0,1,0
BRDA:14,1,0,0
BRDA:14,1,1,4
BRDA:18,2,0,128
BRDA:18,2,1,103
BRDA:37,3,0,4
BRDA:37,3,1,1
BRDA:40,4,0,4
BRDA:40,4,1,4
BRF:10
BRH:8
end_of_record
